iota([4]) ->
0 1 2 3
======
iota([4],2) ->
2 3 4 5
======
iota([10,10]) ->
0 1 2 3 4 5 6 7 8 9
10 11 12 13 14 15 16 17 18 19
20 21 22 23 24 25 26 27 28 29
30 31 32 33 34 35 36 37 38 39
40 41 42 43 44 45 46 47 48 49
50 51 52 53 54 55 56 57 58 59
60 61 62 63 64 65 66 67 68 69
70 71 72 73 74 75 76 77 78 79
80 81 82 83 84 85 86 87 88 89
90 91 92 93 94 95 96 97 98 99
======
iota([2,3,4]) ->
0 1 2 3
4 5 6 7
8 9 10 11

12 13 14 15
16 17 18 19
20 21 22 23
======
add([1,2,3],5) ->
6 7 8
======
add([1,2,3],[10,10,10]) ->
11 12 13
======
add([1,2,3],[1,2,3]) ->
2 4 6
======
add(iota([2,3]),10) ->
10 11 12
13 14 15
======
add(iota([2,3]),[0,10]) ->
0 1 2
13 14 15
======
iota(iota([2,2],1)) ->
0 1 0 0
0 0 0 0
0 0 0 0

0 1 2 3
4 5 6 7
8 9 10 11
======
iota(iota([2,2],1),[2,3]) ->
2 3 0 0
0 0 0 0
0 0 0 0

3 4 5 6
7 8 9 10
11 12 13 14
======
add(iota(add(iota([2, 2]), 1)), [2, 3]) ->
2 3 2 2
2 2 2 2
2 2 2 2

3 4 5 6
7 8 9 10
11 12 13 14
======
add(iota(iota([2,2],1)), iota([2,3,4])) ->
0 2 2 3
4 5 6 7
8 9 10 11

12 14 16 18
20 22 24 26
28 30 32 34
======
iota([0]) ->

======
iota([1]) ->
0
======
iota([0, 4]) ->

======
iota([4, 0]) ->




======
iota([2, 2]) ->
0 1
2 3
======
iota(iota([2, 2])) ->
0 0 0
0 0 0

0 1 2
3 4 5
======
iota([2, 3]) ->
0 1 2
3 4 5
======
iota(iota([2, 3])) ->
0 0 0 0 0
0 0 0 0 0
0 0 0 0 0
0 0 0 0 0

0 0 0 0 0
0 0 0 0 0
0 0 0 0 0
0 0 0 0 0

0 0 0 0 0
0 0 0 0 0
0 0 0 0 0
0 0 0 0 0


0 1 2 3 4
5 6 7 8 9
10 11 12 13 14
15 16 17 18 19

20 21 22 23 24
25 26 27 28 29
30 31 32 33 34
35 36 37 38 39

40 41 42 43 44
45 46 47 48 49
50 51 52 53 54
55 56 57 58 59
======
add(iota([3, 2]), [0, 10]) ->
Size mismatch
